#-----------------------------------------------------------
# Vivado v2018.2 (64-bit)
# SW Build 2258646 on Thu Jun 14 20:03:12 MDT 2018
# IP Build 2256618 on Thu Jun 14 22:10:49 MDT 2018
# Start of session at: Tue Nov 21 03:02:26 2023
# Process ID: 1372
# Current directory: G:/risc processor
# Command line: vivado.exe -gui_launcher_event rodinguilauncherevent2272 G:\risc processor\risc processor.xpr
# Log file: G:/risc processor/vivado.log
# Journal file: G:/risc processor\vivado.jou
#-----------------------------------------------------------
start_gui
open_project {G:/risc processor/risc processor.xpr}
INFO: [Project 1-313] Project file moved from 'D:/risc processor' since last save.
Scanning sources...
Finished scanning sources
INFO: [IP_Flow 19-234] Refreshing IP repositories
INFO: [IP_Flow 19-1704] No user IP repositories specified
INFO: [IP_Flow 19-2313] Loaded Vivado IP repository 'C:/Xilinx/Vivado/2018.2/data/ip'.
open_project: Time (s): cpu = 00:00:23 ; elapsed = 00:00:15 . Memory (MB): peak = 880.930 ; gain = 174.457
update_compile_order -fileset sources_1
